74
90
37
22
185
41
63
200
54
20
5
78
60
92
17
9
56
82
105
110
6
43
98
166
192
135
7
59
91
2
24
159
4
45
85
177
33
124
153
101
137
46
188
128
44
118
89
182
119
136
62
196
127
111
48
75
49
191
152
3
175
193
141
100
122
150
181
8
106
160
139
58
120
168
21
95
65
10
180
145
167
162
138
197
173
61
57
184
25
31
179
76
164
126
151
198
130
143
109
170
125
15
194
27
77
50
107
158
140
103
187
28
171
131
104
67
36
165
29
114
129
79
102
93
123
144
26
13
34
117
51
94
147
154
186
38
116
112
35
113
88
66
121
14
174
68
178
134
69
42
18
176
19
172
195
97
52
1
142
83
96
47
53
148
81
87
157
32
12
70
199
133
190
64
108
30
163
156
146
73
80
39
189
11
169
183
155
23
16
132
99
72
161
84
40
86
55
149
115
71
