122
200
125
61
8
60
134
129
49
18
183
36
138
109
90
79
130
123
166
153
50
51
117
29
106
100
94
55
59
184
22
10
66
17
115
2
149
113
151
197
176
175
136
6
174
65
7
165
194
15
180
107
1
85
57
58
82
108
198
73
133
111
52
150
141
63
44
112
182
53
167
177
89
56
132
26
4
83
127
99
24
9
97
34
169
68
81
92
88
142
48
75
41
104
190
155
193
13
32
96
70
157
126
91
5
43
19
145
12
47
23
95
21
114
137
37
181
118
191
20
135
3
16
105
148
45
139
185
78
84
28
116
196
71
38
188
156
76
64
40
173
162
39
11
186
172
179
128
161
187
163
171
124
86
131
103
102
31
14
160
87
35
33
101
98
80
27
164
42
120
69
54
121
168
144
159
189
146
72
143
147
158
93
195
152
74
119
67
154
62
77
192
178
30
170
25
110
140
46
199
