7
117
34
116
37
110
38
114
200
199
36
112
113
173
111
175
109
115
174
118
120
178
122
179
176
119
177
123
121
142
68
188
182
59
96
138
128
197
100
195
126
124
169
41
78
3
135
136
172
181
193
167
171
139
196
183
141
149
194
151
22
10
93
125
26
130
185
134
186
42
86
189
191
83
162
133
198
94
71
56
157
152
184
160
79
24
187
48
35
73
103
180
148
101
40
61
32
192
70
161
170
97
143
146
147
47
13
12
190
127
18
72
137
156
144
132
159
164
140
106
6
87
154
25
45
43
60
95
27
163
91
84
66
4
62
131
168
150
80
75
129
46
2
166
58
52
28
158
53
108
90
67
145
82
165
51
21
81
74
1
57
64
39
107
55
23
11
102
155
77
89
30
31
65
17
5
8
88
85
99
15
19
54
16
44
9
14
153
63
29
33
49
98
76
92
69
104
50
105
20
