20
152
102
68
162
122
149
69
47
70
5
93
96
121
97
43
146
64
19
87
29
50
103
78
71
54
33
143
132
131
21
158
46
107
139
48
129
86
116
63
157
67
42
73
110
154
58
105
156
136
141
118
92
77
108
88
94
123
119
59
55
166
137
128
83
84
90
106
95
159
170
75
155
111
144
89
130
99
153
91
125
113
135
112
147
138
124
100
120
101
160
104
109
151
117
114
150
115
148
133
127
164
126
165
134
142
140
145
161
85
163
82
80
66
72
61
81
98
74
60
65
76
62
56
52
167
57
51
34
79
45
44
53
172
10
38
168
49
171
36
40
41
18
35
27
26
25
13
2
