162
195
24
128
117
111
167
19
140
127
17
36
33
168
130
169
113
161
171
143
123
108
133
129
198
173
116
66
136
154
106
107
87
8
200
52
11
71
185
199
64
98
153
53
187
166
2
82
54
149
46
12
42
61
145
15
67
68
184
176
13
76
183
146
114
177
37
178
119
188
83
152
156
164
141
172
142
94
73
115
41
97
60
158
22
102
174
78
51
59
74
6
93
151
163
191
196
30
193
88
175
44
25
105
192
4
101
131
104
150
85
138
99
40
132
112
86
21
38
57
79
34
31
134
96
103
50
148
95
110
48
56
121
75
122
10
27
5
124
70
147
137
26
32
125
155
35
100
45
120
109
139
165
182
18
65
23
159
118
84
160
197
7
190
170
49
3
126
43
194
189
39
186
28
14
9
135
89
69
181
81
80
16
91
92
20
72
144
29
157
1
58
55
47
77
180
63
90
62
179
