77
62
12
56
99
2
73
146
119
139
79
100
30
60
5
151
93
63
22
135
10
59
122
24
28
89
178
106
103
152
169
6
94
37
120
98
142
171
42
160
107
35
138
92
70
167
161
20
87
4
31
47
3
65
158
84
131
165
175
163
13
66
45
123
48
27
179
7
133
82
104
64
14
129
127
80
150
91
128
15
8
177
72
140
29
97
58
85
101
173
50
109
52
95
124
110
41
36
147
49
125
134
105
162
126
1
57
112
116
38
53
141
176
102
118
11
86
78
75
34
19
149
155
44
148
67
23
154
21
114
145
54
170
157
132
33
18
174
90
74
25
40
137
76
166
69
81
172
164
9
26
156
168
55
108
32
153
43
117
111
115
113
121
180
68
159
136
61
96
83
46
88
39
130
143
71
16
51
17
144
